<?xml version="1.0" encoding="UTF-8"?>
<testsuites>
  <testsuite name="" tests="14" assertions="94" errors="0" warnings="0" failures="0" skipped="0" time="152.530396">
    <testsuite name="Unit" tests="3" assertions="3" errors="0" warnings="0" failures="0" skipped="0" time="23.592996">
      <testsuite name="Core\Base\Tests\Unit\WebControllerTest" file="C:\xampp-7.4\htdocs\smart.sa\simple-project-mgmt-app\core\Base\Tests\Unit\WebControllerTest.php" tests="3" assertions="3" errors="0" warnings="0" failures="0" skipped="0" time="23.592996">
        <testcase name="testNamespace" class="Core\Base\Tests\Unit\WebControllerTest" classname="Core.Base.Tests.Unit.WebControllerTest" file="C:\xampp-7.4\htdocs\smart.sa\simple-project-mgmt-app\core\Base\Tests\Unit\WebControllerTest.php" line="47" assertions="1" time="13.522192"/>
        <testcase name="testDirectory" class="Core\Base\Tests\Unit\WebControllerTest" classname="Core.Base.Tests.Unit.WebControllerTest" file="C:\xampp-7.4\htdocs\smart.sa\simple-project-mgmt-app\core\Base\Tests\Unit\WebControllerTest.php" line="60" assertions="1" time="5.227462"/>
        <testcase name="testPath" class="Core\Base\Tests\Unit\WebControllerTest" classname="Core.Base.Tests.Unit.WebControllerTest" file="C:\xampp-7.4\htdocs\smart.sa\simple-project-mgmt-app\core\Base\Tests\Unit\WebControllerTest.php" line="76" assertions="1" time="4.843342"/>
      </testsuite>
    </testsuite>
    <testsuite name="Feature" tests="11" assertions="91" errors="0" warnings="0" failures="0" skipped="0" time="128.937400">
      <testsuite name="Core\Tracker\Tests\Feature\ProjectTest" file="C:\xampp-7.4\htdocs\smart.sa\simple-project-mgmt-app\core\Tracker\Tests\Feature\ProjectTest.php" tests="5" assertions="38" errors="0" warnings="0" failures="0" skipped="0" time="56.360436">
        <testcase name="testItShouldGetListingOfTheResource" class="Core\Tracker\Tests\Feature\ProjectTest" classname="Core.Tracker.Tests.Feature.ProjectTest" file="C:\xampp-7.4\htdocs\smart.sa\simple-project-mgmt-app\core\Tracker\Tests\Feature\ProjectTest.php" line="76" assertions="9" time="12.758907"/>
        <testcase name="testItShouldStoreNewlyCreatedResource" class="Core\Tracker\Tests\Feature\ProjectTest" classname="Core.Tracker.Tests.Feature.ProjectTest" file="C:\xampp-7.4\htdocs\smart.sa\simple-project-mgmt-app\core\Tracker\Tests\Feature\ProjectTest.php" line="93" assertions="8" time="10.024676"/>
        <testcase name="testItShouldGetSpecifiedResource" class="Core\Tracker\Tests\Feature\ProjectTest" classname="Core.Tracker.Tests.Feature.ProjectTest" file="C:\xampp-7.4\htdocs\smart.sa\simple-project-mgmt-app\core\Tracker\Tests\Feature\ProjectTest.php" line="105" assertions="8" time="12.004326"/>
        <testcase name="testItShouldUpdateSpecifiedResource" class="Core\Tracker\Tests\Feature\ProjectTest" classname="Core.Tracker.Tests.Feature.ProjectTest" file="C:\xampp-7.4\htdocs\smart.sa\simple-project-mgmt-app\core\Tracker\Tests\Feature\ProjectTest.php" line="117" assertions="8" time="10.838702"/>
        <testcase name="testItShouldRemoveSpecifiedResource" class="Core\Tracker\Tests\Feature\ProjectTest" classname="Core.Tracker.Tests.Feature.ProjectTest" file="C:\xampp-7.4\htdocs\smart.sa\simple-project-mgmt-app\core\Tracker\Tests\Feature\ProjectTest.php" line="129" assertions="5" time="10.733824"/>
      </testsuite>
      <testsuite name="Core\Tracker\Tests\Feature\RecordTest" file="C:\xampp-7.4\htdocs\smart.sa\simple-project-mgmt-app\core\Tracker\Tests\Feature\RecordTest.php" tests="5" assertions="46" errors="0" warnings="0" failures="0" skipped="0" time="64.877787">
        <testcase name="testItShouldGetListingOfTheResource" class="Core\Tracker\Tests\Feature\RecordTest" classname="Core.Tracker.Tests.Feature.RecordTest" file="C:\xampp-7.4\htdocs\smart.sa\simple-project-mgmt-app\core\Tracker\Tests\Feature\RecordTest.php" line="76" assertions="11" time="12.092773"/>
        <testcase name="testItShouldStoreNewlyCreatedResource" class="Core\Tracker\Tests\Feature\RecordTest" classname="Core.Tracker.Tests.Feature.RecordTest" file="C:\xampp-7.4\htdocs\smart.sa\simple-project-mgmt-app\core\Tracker\Tests\Feature\RecordTest.php" line="93" assertions="10" time="10.920889"/>
        <testcase name="testItShouldGetSpecifiedResource" class="Core\Tracker\Tests\Feature\RecordTest" classname="Core.Tracker.Tests.Feature.RecordTest" file="C:\xampp-7.4\htdocs\smart.sa\simple-project-mgmt-app\core\Tracker\Tests\Feature\RecordTest.php" line="105" assertions="10" time="13.555530"/>
        <testcase name="testItShouldUpdateSpecifiedResource" class="Core\Tracker\Tests\Feature\RecordTest" classname="Core.Tracker.Tests.Feature.RecordTest" file="C:\xampp-7.4\htdocs\smart.sa\simple-project-mgmt-app\core\Tracker\Tests\Feature\RecordTest.php" line="117" assertions="10" time="14.474522"/>
        <testcase name="testItShouldRemoveSpecifiedResource" class="Core\Tracker\Tests\Feature\RecordTest" classname="Core.Tracker.Tests.Feature.RecordTest" file="C:\xampp-7.4\htdocs\smart.sa\simple-project-mgmt-app\core\Tracker\Tests\Feature\RecordTest.php" line="129" assertions="5" time="13.834073"/>
      </testsuite>
      <testsuite name="Core\Tracker\Tests\Feature\ReportTest" file="C:\xampp-7.4\htdocs\smart.sa\simple-project-mgmt-app\core\Tracker\Tests\Feature\ReportTest.php" tests="1" assertions="7" errors="0" warnings="0" failures="0" skipped="0" time="7.699177">
        <testcase name="testItShouldGetListingOfTheResource" class="Core\Tracker\Tests\Feature\ReportTest" classname="Core.Tracker.Tests.Feature.ReportTest" file="C:\xampp-7.4\htdocs\smart.sa\simple-project-mgmt-app\core\Tracker\Tests\Feature\ReportTest.php" line="42" assertions="7" time="7.699177"/>
      </testsuite>
    </testsuite>
  </testsuite>
</testsuites>
