<?xml version="1.0" encoding="UTF-8"?>
<testsuites>
  <testsuite name="" tests="14" assertions="98" errors="0" warnings="0" failures="0" skipped="0" time="173.982766">
    <testsuite name="Unit" tests="3" assertions="3" errors="0" warnings="0" failures="0" skipped="0" time="26.071972">
      <testsuite name="Core\Base\Tests\Unit\WebControllerTest" file="C:\xampp-7.4\htdocs\smart.sa\simple-project-mgmt-app\core\Base\Tests\Unit\WebControllerTest.php" tests="3" assertions="3" errors="0" warnings="0" failures="0" skipped="0" time="26.071972">
        <testcase name="testNamespace" class="Core\Base\Tests\Unit\WebControllerTest" classname="Core.Base.Tests.Unit.WebControllerTest" file="C:\xampp-7.4\htdocs\smart.sa\simple-project-mgmt-app\core\Base\Tests\Unit\WebControllerTest.php" line="47" assertions="1" time="15.860898"/>
        <testcase name="testDirectory" class="Core\Base\Tests\Unit\WebControllerTest" classname="Core.Base.Tests.Unit.WebControllerTest" file="C:\xampp-7.4\htdocs\smart.sa\simple-project-mgmt-app\core\Base\Tests\Unit\WebControllerTest.php" line="60" assertions="1" time="5.134020"/>
        <testcase name="testPath" class="Core\Base\Tests\Unit\WebControllerTest" classname="Core.Base.Tests.Unit.WebControllerTest" file="C:\xampp-7.4\htdocs\smart.sa\simple-project-mgmt-app\core\Base\Tests\Unit\WebControllerTest.php" line="76" assertions="1" time="5.077055"/>
      </testsuite>
    </testsuite>
    <testsuite name="Feature" tests="11" assertions="95" errors="0" warnings="0" failures="0" skipped="0" time="147.910794">
      <testsuite name="Core\General\Tests\Feature\ReportTest" file="C:\xampp-7.4\htdocs\smart.sa\simple-project-mgmt-app\core\General\Tests\Feature\ReportTest.php" tests="1" assertions="7" errors="0" warnings="0" failures="0" skipped="0" time="6.817769">
        <testcase name="testItShouldGetListingOfTheResource" class="Core\General\Tests\Feature\ReportTest" classname="Core.General.Tests.Feature.ReportTest" file="C:\xampp-7.4\htdocs\smart.sa\simple-project-mgmt-app\core\General\Tests\Feature\ReportTest.php" line="42" assertions="7" time="6.817769"/>
      </testsuite>
      <testsuite name="Core\Tracker\Tests\Feature\ProjectTest" file="C:\xampp-7.4\htdocs\smart.sa\simple-project-mgmt-app\core\Tracker\Tests\Feature\ProjectTest.php" tests="5" assertions="42" errors="0" warnings="0" failures="0" skipped="0" time="64.397984">
        <testcase name="testItShouldGetListingOfTheResource" class="Core\Tracker\Tests\Feature\ProjectTest" classname="Core.Tracker.Tests.Feature.ProjectTest" file="C:\xampp-7.4\htdocs\smart.sa\simple-project-mgmt-app\core\Tracker\Tests\Feature\ProjectTest.php" line="76" assertions="10" time="10.710902"/>
        <testcase name="testItShouldStoreNewlyCreatedResource" class="Core\Tracker\Tests\Feature\ProjectTest" classname="Core.Tracker.Tests.Feature.ProjectTest" file="C:\xampp-7.4\htdocs\smart.sa\simple-project-mgmt-app\core\Tracker\Tests\Feature\ProjectTest.php" line="93" assertions="9" time="13.610922"/>
        <testcase name="testItShouldGetSpecifiedResource" class="Core\Tracker\Tests\Feature\ProjectTest" classname="Core.Tracker.Tests.Feature.ProjectTest" file="C:\xampp-7.4\htdocs\smart.sa\simple-project-mgmt-app\core\Tracker\Tests\Feature\ProjectTest.php" line="105" assertions="9" time="16.527387"/>
        <testcase name="testItShouldUpdateSpecifiedResource" class="Core\Tracker\Tests\Feature\ProjectTest" classname="Core.Tracker.Tests.Feature.ProjectTest" file="C:\xampp-7.4\htdocs\smart.sa\simple-project-mgmt-app\core\Tracker\Tests\Feature\ProjectTest.php" line="117" assertions="9" time="12.344762"/>
        <testcase name="testItShouldRemoveSpecifiedResource" class="Core\Tracker\Tests\Feature\ProjectTest" classname="Core.Tracker.Tests.Feature.ProjectTest" file="C:\xampp-7.4\htdocs\smart.sa\simple-project-mgmt-app\core\Tracker\Tests\Feature\ProjectTest.php" line="129" assertions="5" time="11.204011"/>
      </testsuite>
      <testsuite name="Core\Tracker\Tests\Feature\RecordTest" file="C:\xampp-7.4\htdocs\smart.sa\simple-project-mgmt-app\core\Tracker\Tests\Feature\RecordTest.php" tests="5" assertions="46" errors="0" warnings="0" failures="0" skipped="0" time="76.695040">
        <testcase name="testItShouldGetListingOfTheResource" class="Core\Tracker\Tests\Feature\RecordTest" classname="Core.Tracker.Tests.Feature.RecordTest" file="C:\xampp-7.4\htdocs\smart.sa\simple-project-mgmt-app\core\Tracker\Tests\Feature\RecordTest.php" line="76" assertions="11" time="14.697630"/>
        <testcase name="testItShouldStoreNewlyCreatedResource" class="Core\Tracker\Tests\Feature\RecordTest" classname="Core.Tracker.Tests.Feature.RecordTest" file="C:\xampp-7.4\htdocs\smart.sa\simple-project-mgmt-app\core\Tracker\Tests\Feature\RecordTest.php" line="93" assertions="10" time="13.387046"/>
        <testcase name="testItShouldGetSpecifiedResource" class="Core\Tracker\Tests\Feature\RecordTest" classname="Core.Tracker.Tests.Feature.RecordTest" file="C:\xampp-7.4\htdocs\smart.sa\simple-project-mgmt-app\core\Tracker\Tests\Feature\RecordTest.php" line="105" assertions="10" time="17.078397"/>
        <testcase name="testItShouldUpdateSpecifiedResource" class="Core\Tracker\Tests\Feature\RecordTest" classname="Core.Tracker.Tests.Feature.RecordTest" file="C:\xampp-7.4\htdocs\smart.sa\simple-project-mgmt-app\core\Tracker\Tests\Feature\RecordTest.php" line="117" assertions="10" time="17.067122"/>
        <testcase name="testItShouldRemoveSpecifiedResource" class="Core\Tracker\Tests\Feature\RecordTest" classname="Core.Tracker.Tests.Feature.RecordTest" file="C:\xampp-7.4\htdocs\smart.sa\simple-project-mgmt-app\core\Tracker\Tests\Feature\RecordTest.php" line="129" assertions="5" time="14.464845"/>
      </testsuite>
    </testsuite>
  </testsuite>
</testsuites>
